initialize the neural network
Step: 0, All Loss: 38.22316360473633, Smooth Loss: 17.848121643066406, Unpen Loss: 17.83953285217285
Step: 1000, All Loss: 64.4700927734375, Smooth Loss: 8.163989067077637, Unpen Loss: 8.02834701538086
Step: 2000, All Loss: 103.4182357788086, Smooth Loss: 6.298578262329102, Unpen Loss: 6.26530647277832
Step: 3000, All Loss: 140.2161407470703, Smooth Loss: 8.401769638061523, Unpen Loss: 8.38546371459961
Step: 4000, All Loss: 182.60719299316406, Smooth Loss: 5.405346870422363, Unpen Loss: 5.39371919631958
Step: 4999, All Loss: 230.19961547851562, Smooth Loss: 6.926510810852051, Unpen Loss: 6.917693138122559
[ 0.          0.         -3.4338622  -0.25814262 -0.00944216  0.
  0.          0.          0.          2.7062852  -3.0586727   0.
  0.          0.          0.          0.         -1.5035932   0.
  0.20465489  0.        ]
[ 0.          0.          0.          0.          0.19155578  0.
  0.          0.45958436  0.7708672   0.5907053  -0.318607    0.4919761
 -0.5901612   0.5360897   0.23524645  0.27861255 -0.54453874  0.5295779
  0.4804675  -0.39003712 -0.10673396 -0.27469283  0.3214137   0.
  0.7864494  -0.5670412   0.43997037  0.60196966  0.81033313 -0.3998498
  0.         -0.46269032 -0.14116292  0.          0.61285603  0.52494967
  0.          0.5894523   0.39086035  1.3876033  -0.26738548 -0.5678283
  0.8917491   0.406691    0.87388974 -0.97352403 -0.44573706  0.92115194
  0.         -0.21616496  0.         -0.12661201 -0.30046648  0.
  0.419489    0.4131617  -0.3693353   0.37058103  0.          0.4121178
  0.43512252 -0.28927195 -0.17564128 -0.6604549   0.          0.
  0.          0.          0.49545497  0.5015945  -0.42288065  0.60038227
 -0.28236955  0.3278823   0.44520774 -0.41800857  0.          0.
  0.         -0.6200732  -0.3591165   0.16883695 -0.4829697   0.2934812
 -0.6432417   0.38927835  0.20515662 -0.50883263  0.3308582  -0.26439622
 -0.46174997 -0.25023237  0.51230806 -0.41205907  0.70660925 -0.5091702
 -0.22362694  0.          0.         -0.471289  ]
